[0m23:05:28.678162 [debug] [MainThread]: Sending event: {'category': 'dbt', 'action': 'invocation', 'label': 'start', 'context': [<snowplow_tracker.self_describing_json.SelfDescribingJson object at 0x1132ad0a0>, <snowplow_tracker.self_describing_json.SelfDescribingJson object at 0x1132af5c0>, <snowplow_tracker.self_describing_json.SelfDescribingJson object at 0x1132af140>]}


============================== 23:05:28.681396 | 2ec7da55-30bb-4e20-b0de-31389982f040 ==============================
[0m23:05:28.681396 [info ] [MainThread]: Running with dbt=1.7.4
[0m23:05:28.681856 [debug] [MainThread]: running dbt with arguments {'printer_width': '80', 'indirect_selection': 'eager', 'log_cache_events': 'False', 'write_json': 'True', 'partial_parse': 'True', 'cache_selected_only': 'False', 'profiles_dir': '/Users/air/.dbt', 'version_check': 'True', 'debug': 'False', 'log_path': 'logs', 'fail_fast': 'False', 'warn_error': 'None', 'use_colors': 'True', 'use_experimental_parser': 'False', 'no_print': 'None', 'quiet': 'False', 'warn_error_options': 'WarnErrorOptions(include=[], exclude=[])', 'invocation_command': 'dbt init', 'static_parser': 'True', 'introspect': 'True', 'target_path': 'None', 'log_format': 'default', 'send_anonymous_usage_stats': 'True'}
[0m23:05:28.682288 [warn ] [MainThread]: [ConfigFolderDirectory]: Unable to parse dict {'dir': PosixPath('/Users/air/.dbt')}
[0m23:05:28.682535 [info ] [MainThread]: Creating dbt configuration folder at 
[0m23:05:59.455601 [debug] [MainThread]: Starter project path: /Users/air/anaconda3/envs/dbt/lib/python3.12/site-packages/dbt/include/starter_project
[0m23:05:59.465472 [info ] [MainThread]: 
Your new dbt project "dbt_prde" was created!

For more information on how to configure the profiles.yml file,
please consult the dbt documentation here:

  https://docs.getdbt.com/docs/configure-your-profile

One more thing:

Need help? Don't hesitate to reach out to us via GitHub issues or on Slack:

  https://community.getdbt.com/

Happy modeling!

[0m23:05:59.466079 [info ] [MainThread]: Setting up your profile.
[0m23:20:19.752432 [info ] [MainThread]: Profile dbt_prde written to /Users/air/.dbt/profiles.yml using target's profile_template.yml and your supplied values. Run 'dbt debug' to validate the connection.
[0m23:20:19.960378 [debug] [MainThread]: Resource report: {"command_name": "init", "command_success": true, "command_wall_clock_time": 891.29407, "process_user_time": 1.289656, "process_kernel_time": 0.234535, "process_mem_max_rss": "107249664", "process_in_blocks": "0", "process_out_blocks": "0"}
[0m23:20:19.962056 [debug] [MainThread]: Command `dbt init` succeeded at 23:20:19.961647 after 891.30 seconds
[0m23:20:19.963475 [debug] [MainThread]: Sending event: {'category': 'dbt', 'action': 'invocation', 'label': 'end', 'context': [<snowplow_tracker.self_describing_json.SelfDescribingJson object at 0x112f8be90>, <snowplow_tracker.self_describing_json.SelfDescribingJson object at 0x113c3b0b0>, <snowplow_tracker.self_describing_json.SelfDescribingJson object at 0x112d420c0>]}
[0m23:20:19.964517 [debug] [MainThread]: Flushing usage events
